<?xml version="1.0" encoding="UTF-8"?>
<!-- Generated by org.testng.reporters.JUnitReportReporter -->
<testsuite hostname="xiaolanyun" name="com.xiaolanyun.appium.DataTest.testCase.RootNavigation.RootNavigationPage_001_UICheckForRootLogin_Test" tests="1" failures="0" timestamp="23 Apr 2019 08:04:48 GMT" time="29.293" errors="0">
  <testcase name="checkLoginUI" time="29.293" classname="com.xiaolanyun.appium.DataTest.testCase.RootNavigation.RootNavigationPage_001_UICheckForRootLogin_Test"/>
</testsuite> <!-- com.xiaolanyun.appium.DataTest.testCase.RootNavigation.RootNavigationPage_001_UICheckForRootLogin_Test -->
