<?xml version="1.0" encoding="UTF-8"?>
<!-- Generated by org.testng.reporters.JUnitReportReporter -->
<testsuite hostname="xiaolanyun" name="com.xiaolanyun.appium.DataTest.testCase.RootNavigation.RootNavigationPage_001_UICheckForRootLogin_Test" tests="1" failures="0" timestamp="29 Apr 2019 06:08:58 GMT" time="28.073" errors="0">
  <testcase name="checkLoginUI" time="28.073" classname="com.xiaolanyun.appium.DataTest.testCase.RootNavigation.RootNavigationPage_001_UICheckForRootLogin_Test"/>
</testsuite> <!-- com.xiaolanyun.appium.DataTest.testCase.RootNavigation.RootNavigationPage_001_UICheckForRootLogin_Test -->
