<?xml version="1.0" encoding="UTF-8"?>
<!-- Generated by org.testng.reporters.JUnitReportReporter -->
<testsuite hostname="xiaolanyun" name="com.xiaolanyun.appium.DataTest.testCase.RootAddUserAndBuyGoods.RootAddUserPage_001_UICheckForAddUserAndBuyGoods_Test" tests="1" failures="0" timestamp="29 Apr 2019 06:08:58 GMT" time="142.691" errors="0">
  <testcase name="rootAddUser" time="142.691" classname="com.xiaolanyun.appium.DataTest.testCase.RootAddUserAndBuyGoods.RootAddUserPage_001_UICheckForAddUserAndBuyGoods_Test"/>
</testsuite> <!-- com.xiaolanyun.appium.DataTest.testCase.RootAddUserAndBuyGoods.RootAddUserPage_001_UICheckForAddUserAndBuyGoods_Test -->
